This file contains any messages produced by compilers while
running configure, to aid debugging if configure makes a mistake.

It was created by NDSLcommon configure 1.0, which was
generated by GNU Autoconf 2.63.  Invocation command line was

  $ ../configure 

## --------- ##
## Platform. ##
## --------- ##

hostname = lds-112-MU
uname -m = x86_64
uname -r = 3.0.13-0.27-default
uname -s = Linux
uname -v = #1 SMP Wed Feb 15 13:33:49 UTC 2012 (d73692b)

/usr/bin/uname -p = unknown
/bin/uname -X     = unknown

/bin/arch              = x86_64
/usr/bin/arch -k       = unknown
/usr/convex/getsysinfo = unknown
/usr/bin/hostinfo      = unknown
/bin/machine           = unknown
/usr/bin/oslevel       = unknown
/bin/universe          = unknown

PATH: /sbin
PATH: /usr/sbin
PATH: /usr/local/sbin
PATH: /root/bin
PATH: /usr/local/bin
PATH: /usr/bin
PATH: /bin
PATH: /usr/bin/X11
PATH: /usr/X11R6/bin
PATH: /usr/games
PATH: /usr/lib/mit/bin
PATH: /usr/lib/mit/sbin


## ----------- ##
## Core tests. ##
## ----------- ##

configure:2082: checking for a BSD-compatible install
configure:2150: result: /usr/bin/install -c
configure:2161: checking whether build environment is sane
configure:2204: result: yes
configure:2229: checking for a thread-safe mkdir -p
configure:2268: result: /bin/mkdir -p
configure:2281: checking for gawk
configure:2297: found /usr/bin/gawk
configure:2308: result: gawk
configure:2319: checking whether make sets $(MAKE)
configure:2341: result: yes
configure:2561: checking build system type
configure:2579: result: x86_64-suse-linux-gnu
configure:2601: checking host system type
configure:2616: result: x86_64-suse-linux-gnu
configure:2650: checking for style of include used by make
configure:2678: result: GNU
configure:2748: checking for gcc
configure:2764: found /usr/bin/gcc
configure:2775: result: gcc
configure:3007: checking for C compiler version
configure:3015: gcc --version >&5
gcc (SUSE Linux) 4.3.4 [gcc-4_3-branch revision 152973]
Copyright (C) 2008 Free Software Foundation, Inc.
This is free software; see the source for copying conditions.  There is NO
warranty; not even for MERCHANTABILITY or FITNESS FOR A PARTICULAR PURPOSE.

configure:3019: $? = 0
configure:3026: gcc -v >&5
Using built-in specs.
Target: x86_64-suse-linux
Configured with: ../configure --prefix=/usr --infodir=/usr/share/info --mandir=/usr/share/man --libdir=/usr/lib64 --libexecdir=/usr/lib64 --enable-languages=c,c++,objc,fortran,obj-c++,java,ada --enable-checking=release --with-gxx-include-dir=/usr/include/c++/4.3 --enable-ssp --disable-libssp --with-bugurl=http://bugs.opensuse.org/ --with-pkgversion='SUSE Linux' --disable-libgcj --disable-libmudflap --with-slibdir=/lib64 --with-system-zlib --enable-__cxa_atexit --enable-libstdcxx-allocator=new --disable-libstdcxx-pch --enable-version-specific-runtime-libs --program-suffix=-4.3 --enable-linux-futex --without-system-libunwind --with-cpu=generic --build=x86_64-suse-linux
Thread model: posix
gcc version 4.3.4 [gcc-4_3-branch revision 152973] (SUSE Linux) 
configure:3030: $? = 0
configure:3037: gcc -V >&5
gcc: '-V' option must have argument
configure:3041: $? = 1
configure:3064: checking for C compiler default output file name
configure:3086: gcc    conftest.c  >&5
configure:3090: $? = 0
configure:3128: result: a.out
configure:3147: checking whether the C compiler works
configure:3157: ./a.out
configure:3161: $? = 0
configure:3180: result: yes
configure:3187: checking whether we are cross compiling
configure:3189: result: no
configure:3192: checking for suffix of executables
configure:3199: gcc -o conftest    conftest.c  >&5
configure:3203: $? = 0
configure:3229: result: 
configure:3235: checking for suffix of object files
configure:3261: gcc -c   conftest.c >&5
configure:3265: $? = 0
configure:3290: result: o
configure:3294: checking whether we are using the GNU C compiler
configure:3323: gcc -c   conftest.c >&5
configure:3330: $? = 0
configure:3347: result: yes
configure:3356: checking whether gcc accepts -g
configure:3386: gcc -c -g  conftest.c >&5
configure:3393: $? = 0
configure:3494: result: yes
configure:3511: checking for gcc option to accept ISO C89
configure:3585: gcc  -c -g -O2  conftest.c >&5
configure:3592: $? = 0
configure:3615: result: none needed
configure:3635: checking dependency style of gcc
configure:3726: result: gcc3
configure:3741: checking for a sed that does not truncate output
configure:3807: result: /usr/bin/sed
configure:3825: checking for grep that handles long lines and -e
configure:3885: result: /usr/bin/grep
configure:3890: checking for egrep
configure:3954: result: /usr/bin/grep -E
configure:3959: checking for fgrep
configure:4023: result: /usr/bin/grep -F
configure:4058: checking for ld used by gcc
configure:4125: result: /usr/x86_64-suse-linux/bin/ld
configure:4134: checking if the linker (/usr/x86_64-suse-linux/bin/ld) is GNU ld
configure:4149: result: yes
configure:4161: checking for BSD- or MS-compatible name lister (nm)
configure:4210: result: /usr/bin/nm -B
configure:4328: checking the name lister (/usr/bin/nm -B) interface
configure:4335: gcc -c -g -O2  conftest.c >&5
configure:4338: /usr/bin/nm -B "conftest.o"
configure:4341: output
0000000000000000 B some_variable
configure:4348: result: BSD nm
configure:4351: checking whether ln -s works
configure:4355: result: yes
configure:4363: checking the maximum length of command line arguments
configure:4483: result: 1572864
configure:4500: checking whether the shell understands some XSI constructs
configure:4510: result: yes
configure:4514: checking whether the shell understands "+="
configure:4520: result: yes
configure:4555: checking for /usr/x86_64-suse-linux/bin/ld option to reload object files
configure:4562: result: -r
configure:4631: checking for objdump
configure:4647: found /usr/bin/objdump
configure:4658: result: objdump
configure:4690: checking how to recognize dependent libraries
configure:4886: result: pass_all
configure:4946: checking for ar
configure:4962: found /usr/bin/ar
configure:4973: result: ar
configure:5051: checking for strip
configure:5067: found /usr/bin/strip
configure:5078: result: strip
configure:5150: checking for ranlib
configure:5166: found /usr/bin/ranlib
configure:5177: result: ranlib
configure:5267: checking command to parse /usr/bin/nm -B output from gcc object
configure:5385: gcc -c -g -O2  conftest.c >&5
configure:5388: $? = 0
configure:5392: /usr/bin/nm -B conftest.o \| sed -n -e 's/^.*[	 ]\([ABCDGIRSTW][ABCDGIRSTW]*\)[	 ][	 ]*\([_A-Za-z][_A-Za-z0-9]*\)$/\1 \2 \2/p' \> conftest.nm
configure:5395: $? = 0
configure:5449: gcc -o conftest -g -O2   conftest.c conftstm.o >&5
configure:5452: $? = 0
configure:5490: result: ok
configure:5586: gcc -c -g -O2  conftest.c >&5
configure:5589: $? = 0
configure:6357: checking how to run the C preprocessor
configure:6397: gcc -E  conftest.c
configure:6404: $? = 0
configure:6435: gcc -E  conftest.c
conftest.c:10:28: error: ac_nonexistent.h: No such file or directory
configure:6442: $? = 1
configure: failed program was:
| /* confdefs.h.  */
| #define PACKAGE_NAME "NDSLcommon"
| #define PACKAGE_TARNAME "ndslcommon"
| #define PACKAGE_VERSION "1.0"
| #define PACKAGE_STRING "NDSLcommon 1.0"
| #define PACKAGE_BUGREPORT "marxxk@163.com"
| #define PACKAGE "IPPC"
| #define VERSION "1.0"
| /* end confdefs.h.  */
| #include <ac_nonexistent.h>
configure:6475: result: gcc -E
configure:6504: gcc -E  conftest.c
configure:6511: $? = 0
configure:6542: gcc -E  conftest.c
conftest.c:10:28: error: ac_nonexistent.h: No such file or directory
configure:6549: $? = 1
configure: failed program was:
| /* confdefs.h.  */
| #define PACKAGE_NAME "NDSLcommon"
| #define PACKAGE_TARNAME "ndslcommon"
| #define PACKAGE_VERSION "1.0"
| #define PACKAGE_STRING "NDSLcommon 1.0"
| #define PACKAGE_BUGREPORT "marxxk@163.com"
| #define PACKAGE "IPPC"
| #define VERSION "1.0"
| /* end confdefs.h.  */
| #include <ac_nonexistent.h>
configure:6589: checking for ANSI C header files
configure:6619: gcc -c -g -O2  conftest.c >&5
configure:6626: $? = 0
configure:6725: gcc -o conftest -g -O2   conftest.c  >&5
configure:6729: $? = 0
configure:6735: ./conftest
configure:6739: $? = 0
configure:6757: result: yes
configure:6781: checking for sys/types.h
configure:6802: gcc -c -g -O2  conftest.c >&5
configure:6809: $? = 0
configure:6826: result: yes
configure:6781: checking for sys/stat.h
configure:6802: gcc -c -g -O2  conftest.c >&5
configure:6809: $? = 0
configure:6826: result: yes
configure:6781: checking for stdlib.h
configure:6802: gcc -c -g -O2  conftest.c >&5
configure:6809: $? = 0
configure:6826: result: yes
configure:6781: checking for string.h
configure:6802: gcc -c -g -O2  conftest.c >&5
configure:6809: $? = 0
configure:6826: result: yes
configure:6781: checking for memory.h
configure:6802: gcc -c -g -O2  conftest.c >&5
configure:6809: $? = 0
configure:6826: result: yes
configure:6781: checking for strings.h
configure:6802: gcc -c -g -O2  conftest.c >&5
configure:6809: $? = 0
configure:6826: result: yes
configure:6781: checking for inttypes.h
configure:6802: gcc -c -g -O2  conftest.c >&5
configure:6809: $? = 0
configure:6826: result: yes
configure:6781: checking for stdint.h
configure:6802: gcc -c -g -O2  conftest.c >&5
configure:6809: $? = 0
configure:6826: result: yes
configure:6781: checking for unistd.h
configure:6802: gcc -c -g -O2  conftest.c >&5
configure:6809: $? = 0
configure:6826: result: yes
configure:6844: checking for dlfcn.h
configure:6865: gcc -c -g -O2  conftest.c >&5
configure:6872: $? = 0
configure:6889: result: yes
configure:7075: checking for objdir
configure:7090: result: .libs
configure:7382: checking if gcc supports -fno-rtti -fno-exceptions
configure:7400: gcc -c -g -O2  -fno-rtti -fno-exceptions conftest.c >&5
cc1: warning: command line option "-fno-rtti" is valid for C++/ObjC++ but not for C
configure:7404: $? = 0
configure:7417: result: no
configure:7437: checking for gcc option to produce PIC
configure:7709: result: -fPIC -DPIC
configure:7721: checking if gcc PIC flag -fPIC -DPIC works
configure:7739: gcc -c -g -O2  -fPIC -DPIC -DPIC conftest.c >&5
configure:7743: $? = 0
configure:7756: result: yes
configure:7780: checking if gcc static flag -static works
configure:7808: result: yes
configure:7823: checking if gcc supports -c -o file.o
configure:7844: gcc -c -g -O2  -o out/conftest2.o conftest.c >&5
configure:7848: $? = 0
configure:7870: result: yes
configure:7878: checking if gcc supports -c -o file.o
configure:7925: result: yes
configure:7958: checking whether the gcc linker (/usr/x86_64-suse-linux/bin/ld -m elf_x86_64) supports shared libraries
configure:9032: result: yes
configure:9069: checking whether -lc should be explicitly linked in
configure:9074: gcc -c -g -O2  conftest.c >&5
configure:9077: $? = 0
configure:9092: gcc -shared conftest.o  -v -Wl,-soname -Wl,conftest -o conftest 2\>\&1 \| /usr/bin/grep  -lc  \>/dev/null 2\>\&1
configure:9095: $? = 0
configure:9107: result: no
configure:9271: checking dynamic linker characteristics
configure:9714: gcc -o conftest -g -O2   -Wl,-rpath -Wl,/foo conftest.c  >&5
configure:9721: $? = 0
configure:9954: result: GNU/Linux ld.so
configure:10056: checking how to hardcode library paths into programs
configure:10081: result: immediate
configure:10914: checking whether stripping libraries is possible
configure:10919: result: yes
configure:10954: checking if libtool supports shared libraries
configure:10956: result: yes
configure:10959: checking whether to build shared libraries
configure:10980: result: yes
configure:10983: checking whether to build static libraries
configure:10987: result: yes
configure:11070: checking for gcc
configure:11097: result: gcc
configure:11329: checking for C compiler version
configure:11337: gcc --version >&5
gcc (SUSE Linux) 4.3.4 [gcc-4_3-branch revision 152973]
Copyright (C) 2008 Free Software Foundation, Inc.
This is free software; see the source for copying conditions.  There is NO
warranty; not even for MERCHANTABILITY or FITNESS FOR A PARTICULAR PURPOSE.

configure:11341: $? = 0
configure:11348: gcc -v >&5
Using built-in specs.
Target: x86_64-suse-linux
Configured with: ../configure --prefix=/usr --infodir=/usr/share/info --mandir=/usr/share/man --libdir=/usr/lib64 --libexecdir=/usr/lib64 --enable-languages=c,c++,objc,fortran,obj-c++,java,ada --enable-checking=release --with-gxx-include-dir=/usr/include/c++/4.3 --enable-ssp --disable-libssp --with-bugurl=http://bugs.opensuse.org/ --with-pkgversion='SUSE Linux' --disable-libgcj --disable-libmudflap --with-slibdir=/lib64 --with-system-zlib --enable-__cxa_atexit --enable-libstdcxx-allocator=new --disable-libstdcxx-pch --enable-version-specific-runtime-libs --program-suffix=-4.3 --enable-linux-futex --without-system-libunwind --with-cpu=generic --build=x86_64-suse-linux
Thread model: posix
gcc version 4.3.4 [gcc-4_3-branch revision 152973] (SUSE Linux) 
configure:11352: $? = 0
configure:11359: gcc -V >&5
gcc: '-V' option must have argument
configure:11363: $? = 1
configure:11366: checking whether we are using the GNU C compiler
configure:11419: result: yes
configure:11428: checking whether gcc accepts -g
configure:11566: result: yes
configure:11583: checking for gcc option to accept ISO C89
configure:11687: result: none needed
configure:11707: checking dependency style of gcc
configure:11798: result: gcc3
configure:11871: checking for g++
configure:11887: found /usr/bin/g++
configure:11898: result: g++
configure:11925: checking for C++ compiler version
configure:11933: g++ --version >&5
g++ (SUSE Linux) 4.3.4 [gcc-4_3-branch revision 152973]
Copyright (C) 2008 Free Software Foundation, Inc.
This is free software; see the source for copying conditions.  There is NO
warranty; not even for MERCHANTABILITY or FITNESS FOR A PARTICULAR PURPOSE.

configure:11937: $? = 0
configure:11944: g++ -v >&5
Using built-in specs.
Target: x86_64-suse-linux
Configured with: ../configure --prefix=/usr --infodir=/usr/share/info --mandir=/usr/share/man --libdir=/usr/lib64 --libexecdir=/usr/lib64 --enable-languages=c,c++,objc,fortran,obj-c++,java,ada --enable-checking=release --with-gxx-include-dir=/usr/include/c++/4.3 --enable-ssp --disable-libssp --with-bugurl=http://bugs.opensuse.org/ --with-pkgversion='SUSE Linux' --disable-libgcj --disable-libmudflap --with-slibdir=/lib64 --with-system-zlib --enable-__cxa_atexit --enable-libstdcxx-allocator=new --disable-libstdcxx-pch --enable-version-specific-runtime-libs --program-suffix=-4.3 --enable-linux-futex --without-system-libunwind --with-cpu=generic --build=x86_64-suse-linux
Thread model: posix
gcc version 4.3.4 [gcc-4_3-branch revision 152973] (SUSE Linux) 
configure:11948: $? = 0
configure:11955: g++ -V >&5
g++: '-V' option must have argument
configure:11959: $? = 1
configure:11962: checking whether we are using the GNU C++ compiler
configure:11991: g++ -c   conftest.cpp >&5
configure:11998: $? = 0
configure:12015: result: yes
configure:12024: checking whether g++ accepts -g
configure:12054: g++ -c -g  conftest.cpp >&5
configure:12061: $? = 0
configure:12162: result: yes
configure:12187: checking dependency style of g++
configure:12278: result: gcc3
configure:12406: checking for C++ compiler version
configure:12414: g++ --version >&5
g++ (SUSE Linux) 4.3.4 [gcc-4_3-branch revision 152973]
Copyright (C) 2008 Free Software Foundation, Inc.
This is free software; see the source for copying conditions.  There is NO
warranty; not even for MERCHANTABILITY or FITNESS FOR A PARTICULAR PURPOSE.

configure:12418: $? = 0
configure:12425: g++ -v >&5
Using built-in specs.
Target: x86_64-suse-linux
Configured with: ../configure --prefix=/usr --infodir=/usr/share/info --mandir=/usr/share/man --libdir=/usr/lib64 --libexecdir=/usr/lib64 --enable-languages=c,c++,objc,fortran,obj-c++,java,ada --enable-checking=release --with-gxx-include-dir=/usr/include/c++/4.3 --enable-ssp --disable-libssp --with-bugurl=http://bugs.opensuse.org/ --with-pkgversion='SUSE Linux' --disable-libgcj --disable-libmudflap --with-slibdir=/lib64 --with-system-zlib --enable-__cxa_atexit --enable-libstdcxx-allocator=new --disable-libstdcxx-pch --enable-version-specific-runtime-libs --program-suffix=-4.3 --enable-linux-futex --without-system-libunwind --with-cpu=generic --build=x86_64-suse-linux
Thread model: posix
gcc version 4.3.4 [gcc-4_3-branch revision 152973] (SUSE Linux) 
configure:12429: $? = 0
configure:12436: g++ -V >&5
g++: '-V' option must have argument
configure:12440: $? = 1
configure:12443: checking whether we are using the GNU C++ compiler
configure:12496: result: yes
configure:12505: checking whether g++ accepts -g
configure:12643: result: yes
configure:12668: checking dependency style of g++
configure:12759: result: gcc3
configure:12782: checking how to run the C++ preprocessor
configure:12818: g++ -E  conftest.cpp
configure:12825: $? = 0
configure:12856: g++ -E  conftest.cpp
conftest.cpp:22:28: error: ac_nonexistent.h: No such file or directory
configure:12863: $? = 1
configure: failed program was:
| /* confdefs.h.  */
| #define PACKAGE_NAME "NDSLcommon"
| #define PACKAGE_TARNAME "ndslcommon"
| #define PACKAGE_VERSION "1.0"
| #define PACKAGE_STRING "NDSLcommon 1.0"
| #define PACKAGE_BUGREPORT "marxxk@163.com"
| #define PACKAGE "IPPC"
| #define VERSION "1.0"
| #define STDC_HEADERS 1
| #define HAVE_SYS_TYPES_H 1
| #define HAVE_SYS_STAT_H 1
| #define HAVE_STDLIB_H 1
| #define HAVE_STRING_H 1
| #define HAVE_MEMORY_H 1
| #define HAVE_STRINGS_H 1
| #define HAVE_INTTYPES_H 1
| #define HAVE_STDINT_H 1
| #define HAVE_UNISTD_H 1
| #define HAVE_DLFCN_H 1
| #define LT_OBJDIR ".libs/"
| /* end confdefs.h.  */
| #include <ac_nonexistent.h>
configure:12896: result: g++ -E
configure:12925: g++ -E  conftest.cpp
configure:12932: $? = 0
configure:12963: g++ -E  conftest.cpp
conftest.cpp:22:28: error: ac_nonexistent.h: No such file or directory
configure:12970: $? = 1
configure: failed program was:
| /* confdefs.h.  */
| #define PACKAGE_NAME "NDSLcommon"
| #define PACKAGE_TARNAME "ndslcommon"
| #define PACKAGE_VERSION "1.0"
| #define PACKAGE_STRING "NDSLcommon 1.0"
| #define PACKAGE_BUGREPORT "marxxk@163.com"
| #define PACKAGE "IPPC"
| #define VERSION "1.0"
| #define STDC_HEADERS 1
| #define HAVE_SYS_TYPES_H 1
| #define HAVE_SYS_STAT_H 1
| #define HAVE_STDLIB_H 1
| #define HAVE_STRING_H 1
| #define HAVE_MEMORY_H 1
| #define HAVE_STRINGS_H 1
| #define HAVE_INTTYPES_H 1
| #define HAVE_STDINT_H 1
| #define HAVE_UNISTD_H 1
| #define HAVE_DLFCN_H 1
| #define LT_OBJDIR ".libs/"
| /* end confdefs.h.  */
| #include <ac_nonexistent.h>
configure:13146: checking for ld used by g++
configure:13213: result: /usr/x86_64-suse-linux/bin/ld -m elf_x86_64
configure:13222: checking if the linker (/usr/x86_64-suse-linux/bin/ld -m elf_x86_64) is GNU ld
configure:13237: result: yes
configure:13292: checking whether the g++ linker (/usr/x86_64-suse-linux/bin/ld -m elf_x86_64) supports shared libraries
configure:14267: result: yes
configure:14295: g++ -c -g -O2  conftest.cpp >&5
configure:14298: $? = 0
configure:14480: checking for g++ option to produce PIC
configure:14797: result: -fPIC -DPIC
configure:14806: checking if g++ PIC flag -fPIC -DPIC works
configure:14824: g++ -c -g -O2  -fPIC -DPIC -DPIC conftest.cpp >&5
configure:14828: $? = 0
configure:14841: result: yes
configure:14862: checking if g++ static flag -static works
configure:14890: result: yes
configure:14902: checking if g++ supports -c -o file.o
configure:14923: g++ -c -g -O2  -o out/conftest2.o conftest.cpp >&5
configure:14927: $? = 0
configure:14949: result: yes
configure:14954: checking if g++ supports -c -o file.o
configure:15001: result: yes
configure:15031: checking whether the g++ linker (/usr/x86_64-suse-linux/bin/ld -m elf_x86_64) supports shared libraries
configure:15057: result: yes
configure:15194: checking dynamic linker characteristics
configure:15585: g++ -o conftest -g -O2   -Wl,-rpath -Wl,/foo conftest.cpp  >&5
configure:15592: $? = 0
configure:15825: result: GNU/Linux ld.so
configure:15876: checking how to hardcode library paths into programs
configure:15901: result: immediate
configure:15984: checking for ranlib
configure:16011: result: ranlib
configure:16043: checking for main in -lpthread
configure:16072: gcc -o conftest -g -O2   conftest.c -lpthread   >&5
configure:16079: $? = 0
configure:16100: result: yes
configure:16112: checking for main in -lrt
configure:16141: gcc -o conftest -g -O2   conftest.c -lrt  -lpthread  >&5
configure:16148: $? = 0
configure:16169: result: yes
configure:16181: checking for main in -lxml2
configure:16210: gcc -o conftest -g -O2   conftest.c -lxml2  -lrt -lpthread  >&5
configure:16217: $? = 0
configure:16238: result: yes
configure:16250: checking for main in -lodbc
configure:16279: gcc -o conftest -g -O2   conftest.c -lodbc  -lxml2 -lrt -lpthread  >&5
configure:16286: $? = 0
configure:16307: result: yes
configure:16464: creating ./config.status

## ---------------------- ##
## Running config.status. ##
## ---------------------- ##

This file was extended by NDSLcommon config.status 1.0, which was
generated by GNU Autoconf 2.63.  Invocation command line was

  CONFIG_FILES    = 
  CONFIG_HEADERS  = 
  CONFIG_LINKS    = 
  CONFIG_COMMANDS = 
  $ ./config.status 

on lds-112-MU

config.status:1064: creating Makefile
config.status:1064: creating src/Makefile
config.status:1064: creating src/common/Makefile
config.status:1064: creating src/common/comm/Makefile
config.status:1064: creating src/common/daemon/Makefile
config.status:1064: creating src/common/log/Makefile
config.status:1064: creating src/common/sys/Makefile
config.status:1064: creating src/common/odbc/Makefile
config.status:1064: creating src/common/Timer/Makefile
config.status:1064: creating src/common/util/Makefile
config.status:1064: creating src/common/xml/Makefile
config.status:1064: creating src/protocol/Makefile
config.status:1064: creating src/testserver/Makefile
config.status:1064: creating src/testclient/Makefile
config.status:1064: creating src/threadpool2/Makefile
config.status:1064: creating src/threadpool3/Makefile
config.status:1064: creating src/doublequeue/Makefile
config.status:1064: creating test/Makefile
config.status:1064: creating config.h
config.status:1279: config.h is unchanged
config.status:1331: executing depfiles commands
config.status:1331: executing libtool commands

## ---------------- ##
## Cache variables. ##
## ---------------- ##

ac_cv_build=x86_64-suse-linux-gnu
ac_cv_c_compiler_gnu=yes
ac_cv_cxx_compiler_gnu=yes
ac_cv_env_CCC_set=
ac_cv_env_CCC_value=
ac_cv_env_CC_set=
ac_cv_env_CC_value=
ac_cv_env_CFLAGS_set=
ac_cv_env_CFLAGS_value=
ac_cv_env_CPPFLAGS_set=
ac_cv_env_CPPFLAGS_value=
ac_cv_env_CPP_set=
ac_cv_env_CPP_value=
ac_cv_env_CXXCPP_set=
ac_cv_env_CXXCPP_value=
ac_cv_env_CXXFLAGS_set=
ac_cv_env_CXXFLAGS_value=
ac_cv_env_CXX_set=
ac_cv_env_CXX_value=
ac_cv_env_LDFLAGS_set=
ac_cv_env_LDFLAGS_value=
ac_cv_env_LIBS_set=
ac_cv_env_LIBS_value=
ac_cv_env_build_alias_set=
ac_cv_env_build_alias_value=
ac_cv_env_host_alias_set=
ac_cv_env_host_alias_value=
ac_cv_env_target_alias_set=
ac_cv_env_target_alias_value=
ac_cv_header_dlfcn_h=yes
ac_cv_header_inttypes_h=yes
ac_cv_header_memory_h=yes
ac_cv_header_stdc=yes
ac_cv_header_stdint_h=yes
ac_cv_header_stdlib_h=yes
ac_cv_header_string_h=yes
ac_cv_header_strings_h=yes
ac_cv_header_sys_stat_h=yes
ac_cv_header_sys_types_h=yes
ac_cv_header_unistd_h=yes
ac_cv_host=x86_64-suse-linux-gnu
ac_cv_lib_odbc_main=yes
ac_cv_lib_pthread_main=yes
ac_cv_lib_rt_main=yes
ac_cv_lib_xml2_main=yes
ac_cv_objext=o
ac_cv_path_EGREP='/usr/bin/grep -E'
ac_cv_path_FGREP='/usr/bin/grep -F'
ac_cv_path_GREP=/usr/bin/grep
ac_cv_path_SED=/usr/bin/sed
ac_cv_path_install='/usr/bin/install -c'
ac_cv_path_mkdir=/bin/mkdir
ac_cv_prog_AWK=gawk
ac_cv_prog_CPP='gcc -E'
ac_cv_prog_CXXCPP='g++ -E'
ac_cv_prog_ac_ct_AR=ar
ac_cv_prog_ac_ct_CC=gcc
ac_cv_prog_ac_ct_CXX=g++
ac_cv_prog_ac_ct_OBJDUMP=objdump
ac_cv_prog_ac_ct_RANLIB=ranlib
ac_cv_prog_ac_ct_STRIP=strip
ac_cv_prog_cc_c89=
ac_cv_prog_cc_g=yes
ac_cv_prog_cxx_g=yes
ac_cv_prog_make_make_set=yes
am_cv_CC_dependencies_compiler_type=gcc3
am_cv_CXX_dependencies_compiler_type=gcc3
lt_cv_deplibs_check_method=pass_all
lt_cv_file_magic_cmd='$MAGIC_CMD'
lt_cv_file_magic_test_file=
lt_cv_ld_reload_flag=-r
lt_cv_nm_interface='BSD nm'
lt_cv_objdir=.libs
lt_cv_path_LD=/usr/x86_64-suse-linux/bin/ld
lt_cv_path_LDCXX='/usr/x86_64-suse-linux/bin/ld -m elf_x86_64'
lt_cv_path_NM='/usr/bin/nm -B'
lt_cv_prog_compiler_c_o=yes
lt_cv_prog_compiler_c_o_CXX=yes
lt_cv_prog_compiler_pic_works=yes
lt_cv_prog_compiler_pic_works_CXX=yes
lt_cv_prog_compiler_rtti_exceptions=no
lt_cv_prog_compiler_static_works=yes
lt_cv_prog_compiler_static_works_CXX=yes
lt_cv_prog_gnu_ld=yes
lt_cv_prog_gnu_ldcxx=yes
lt_cv_sys_global_symbol_pipe='sed -n -e '\''s/^.*[	 ]\([ABCDGIRSTW][ABCDGIRSTW]*\)[	 ][	 ]*\([_A-Za-z][_A-Za-z0-9]*\)$/\1 \2 \2/p'\'''
lt_cv_sys_global_symbol_to_c_name_address='sed -n -e '\''s/^: \([^ ]*\) $/  {\"\1\", (void *) 0},/p'\'' -e '\''s/^[ABCDGIRSTW]* \([^ ]*\) \([^ ]*\)$/  {"\2", (void *) \&\2},/p'\'''
lt_cv_sys_global_symbol_to_c_name_address_lib_prefix='sed -n -e '\''s/^: \([^ ]*\) $/  {\"\1\", (void *) 0},/p'\'' -e '\''s/^[ABCDGIRSTW]* \([^ ]*\) \(lib[^ ]*\)$/  {"\2", (void *) \&\2},/p'\'' -e '\''s/^[ABCDGIRSTW]* \([^ ]*\) \([^ ]*\)$/  {"lib\2", (void *) \&\2},/p'\'''
lt_cv_sys_global_symbol_to_cdecl='sed -n -e '\''s/^T .* \(.*\)$/extern int \1();/p'\'' -e '\''s/^[ABCDGIRSTW]* .* \(.*\)$/extern char \1;/p'\'''
lt_cv_sys_max_cmd_len=1572864

## ----------------- ##
## Output variables. ##
## ----------------- ##

ACLOCAL='${SHELL} /home/framwork_lib/missing --run aclocal-1.10'
AMDEPBACKSLASH='\'
AMDEP_FALSE='#'
AMDEP_TRUE=''
AMTAR='${SHELL} /home/framwork_lib/missing --run tar'
AR='ar'
AUTOCONF='${SHELL} /home/framwork_lib/missing --run autoconf'
AUTOHEADER='${SHELL} /home/framwork_lib/missing --run autoheader'
AUTOMAKE='${SHELL} /home/framwork_lib/missing --run automake-1.10'
AWK='gawk'
CC='gcc'
CCDEPMODE='depmode=gcc3'
CFLAGS='-g -O2'
CPP='gcc -E'
CPPFLAGS=''
CXX='g++'
CXXCPP='g++ -E'
CXXDEPMODE='depmode=gcc3'
CXXFLAGS='-O2 -DNDEBUG -D__STDC_FORMAT_MACROS -D__STDC_CONSTANT_MACROS -Wall'
CYGPATH_W='echo'
DEFS='-DHAVE_CONFIG_H'
DEPDIR='.deps'
DSYMUTIL=''
DUMPBIN=''
ECHO_C=''
ECHO_N='-n'
ECHO_T=''
EGREP='/usr/bin/grep -E'
EXEEXT=''
FGREP='/usr/bin/grep -F'
GREP='/usr/bin/grep'
INSTALL_DATA='${INSTALL} -m 644'
INSTALL_PROGRAM='${INSTALL}'
INSTALL_SCRIPT='${INSTALL}'
INSTALL_STRIP_PROGRAM='$(install_sh) -c -s'
LD='/usr/x86_64-suse-linux/bin/ld -m elf_x86_64'
LDFLAGS=''
LIBOBJS=''
LIBS='-lodbc -lxml2 -lrt -lpthread '
LIBTOOL='$(SHELL) $(top_builddir)/libtool'
LIPO=''
LN_S='ln -s'
LTLIBOBJS=''
MAKEINFO='${SHELL} /home/framwork_lib/missing --run makeinfo'
MKDIR_P='/bin/mkdir -p'
NM='/usr/bin/nm -B'
NMEDIT=''
OBJDUMP='objdump'
OBJEXT='o'
OTOOL64=''
OTOOL=''
PACKAGE='IPPC'
PACKAGE_BUGREPORT='marxxk@163.com'
PACKAGE_NAME='NDSLcommon'
PACKAGE_STRING='NDSLcommon 1.0'
PACKAGE_TARNAME='ndslcommon'
PACKAGE_VERSION='1.0'
PATH_SEPARATOR=':'
RANLIB='ranlib'
SED='/usr/bin/sed'
SET_MAKE=''
SHELL='/bin/sh'
STRIP='strip'
VERSION='1.0'
ac_ct_CC='gcc'
ac_ct_CXX='g++'
ac_ct_DUMPBIN=''
am__fastdepCC_FALSE='#'
am__fastdepCC_TRUE=''
am__fastdepCXX_FALSE='#'
am__fastdepCXX_TRUE=''
am__include='include'
am__isrc=' -I$(srcdir)'
am__leading_dot='.'
am__quote=''
am__tar='${AMTAR} chof - "$$tardir"'
am__untar='${AMTAR} xf -'
bindir='${exec_prefix}/bin'
build='x86_64-suse-linux-gnu'
build_alias=''
build_cpu='x86_64'
build_os='linux-gnu'
build_vendor='suse'
datadir='${datarootdir}'
datarootdir='${prefix}/share'
docdir='${datarootdir}/doc/${PACKAGE_TARNAME}'
dvidir='${docdir}'
exec_prefix='${prefix}'
host='x86_64-suse-linux-gnu'
host_alias=''
host_cpu='x86_64'
host_os='linux-gnu'
host_vendor='suse'
htmldir='${docdir}'
includedir='${prefix}/include'
infodir='${datarootdir}/info'
install_sh='$(SHELL) /home/framwork_lib/install-sh'
libdir='${exec_prefix}/lib'
libexecdir='${exec_prefix}/libexec'
localedir='${datarootdir}/locale'
localstatedir='${prefix}/var'
lt_ECHO='echo'
mandir='${datarootdir}/man'
mkdir_p='/bin/mkdir -p'
oldincludedir='/usr/include'
pdfdir='${docdir}'
prefix='/usr/local'
program_transform_name='s,x,x,'
psdir='${docdir}'
sbindir='${exec_prefix}/sbin'
sharedstatedir='${prefix}/com'
sysconfdir='${prefix}/etc'
target_alias=''

## ----------- ##
## confdefs.h. ##
## ----------- ##

#define PACKAGE_NAME "NDSLcommon"
#define PACKAGE_TARNAME "ndslcommon"
#define PACKAGE_VERSION "1.0"
#define PACKAGE_STRING "NDSLcommon 1.0"
#define PACKAGE_BUGREPORT "marxxk@163.com"
#define PACKAGE "IPPC"
#define VERSION "1.0"
#define STDC_HEADERS 1
#define HAVE_SYS_TYPES_H 1
#define HAVE_SYS_STAT_H 1
#define HAVE_STDLIB_H 1
#define HAVE_STRING_H 1
#define HAVE_MEMORY_H 1
#define HAVE_STRINGS_H 1
#define HAVE_INTTYPES_H 1
#define HAVE_STDINT_H 1
#define HAVE_UNISTD_H 1
#define HAVE_DLFCN_H 1
#define LT_OBJDIR ".libs/"
#define HAVE_LIBPTHREAD 1
#define HAVE_LIBRT 1
#define HAVE_LIBXML2 1
#define HAVE_LIBODBC 1

configure: exit 0
